v ATLAS
# This file was created by ATLAS version 5.18.3.R on Mon Apr 17 12:56:26 2017.
#SSF 2.0 generic
##############################################################################
#                    Copyright © 1984 - 2012                                 #
#                    Silvaco Inc. All rights reserved                        #
#                                                                            #
# This file format and the following Key are copyright Silvaco Inc.          #
# You may not use, this format or key without reproducing this message in    #
# full and obtaining express written permission from Silvaco Inc.            #
#                                                                            #
# To obtain such permission please contact: Silvaco Inc.                     #
#                                           support@silvaco.com              #
#                                                                            #
# KEY=SVC86hn7562asdx                       PROD=345                         #
##############################################################################
y 3 700 711 15
z 0.04 1e+41 300
f 3 "gate" "source" "drain" 
p 9 2 601 20 3 602 21 4 603 22 
d 0.000000000e+00 0.000000000e+00 0.000000000e+00 0.000000000e+00 0.000000000e+00 -4.172139918e-16 1.000000000e+00 1.000000000e+00 4.170777889e-16 
d 5.000000000e-02 5.000000000e-02 0.000000000e+00 0.000000000e+00 0.000000000e+00 -2.765682734e-15 1.000000000e+00 1.000000000e+00 2.765670679e-15 
d 1.000000000e-01 1.000000000e-01 0.000000000e+00 0.000000000e+00 0.000000000e+00 -1.855010076e-14 1.000000000e+00 1.000000000e+00 1.854856762e-14 
d 1.500000000e-01 1.500000000e-01 0.000000000e+00 0.000000000e+00 0.000000000e+00 -1.215677315e-13 1.000000000e+00 1.000000000e+00 1.215691415e-13 
d 2.000000000e-01 2.000000000e-01 0.000000000e+00 0.000000000e+00 0.000000000e+00 -7.989507319e-13 1.000000000e+00 1.000000000e+00 7.989471849e-13 
d 2.500000000e-01 2.500000000e-01 0.000000000e+00 0.000000000e+00 0.000000000e+00 -5.227297251e-12 1.000000000e+00 1.000000000e+00 5.227301038e-12 
d 3.000000000e-01 3.000000000e-01 0.000000000e+00 0.000000000e+00 0.000000000e+00 -3.410293552e-11 1.000000000e+00 1.000000000e+00 3.410294010e-11 
d 3.500000000e-01 3.500000000e-01 0.000000000e+00 0.000000000e+00 0.000000000e+00 -2.225805763e-10 1.000000000e+00 1.000000000e+00 2.225805771e-10 
d 4.000000000e-01 4.000000000e-01 0.000000000e+00 0.000000000e+00 0.000000000e+00 -1.441483998e-09 1.000000000e+00 1.000000000e+00 1.441484003e-09 
d 4.500000000e-01 4.500000000e-01 0.000000000e+00 0.000000000e+00 0.000000000e+00 -6.553920411e-09 1.000000000e+00 1.000000000e+00 6.553920410e-09 
d 5.000000000e-01 5.000000000e-01 0.000000000e+00 0.000000000e+00 0.000000000e+00 -5.648012741e-08 1.000000000e+00 1.000000000e+00 5.648012741e-08 
d 5.500000000e-01 5.500000000e-01 0.000000000e+00 0.000000000e+00 0.000000000e+00 -3.183907698e-07 1.000000000e+00 1.000000000e+00 3.183907698e-07 
d 6.000000000e-01 6.000000000e-01 0.000000000e+00 0.000000000e+00 0.000000000e+00 -1.321042779e-06 1.000000000e+00 1.000000000e+00 1.321042779e-06 
d 6.500000000e-01 6.500000000e-01 0.000000000e+00 0.000000000e+00 0.000000000e+00 -3.644473549e-06 1.000000000e+00 1.000000000e+00 3.644473549e-06 
d 7.000000000e-01 7.000000000e-01 0.000000000e+00 0.000000000e+00 0.000000000e+00 -7.590352470e-06 1.000000000e+00 1.000000000e+00 7.590352470e-06 
d 7.500000000e-01 7.500000000e-01 0.000000000e+00 0.000000000e+00 0.000000000e+00 -1.304874777e-05 1.000000000e+00 1.000000000e+00 1.304874777e-05 
d 8.000000000e-01 8.000000000e-01 0.000000000e+00 0.000000000e+00 0.000000000e+00 -1.975507046e-05 1.000000000e+00 1.000000000e+00 1.975507046e-05 
d 8.500000000e-01 8.500000000e-01 0.000000000e+00 0.000000000e+00 0.000000000e+00 -2.763660598e-05 1.000000000e+00 1.000000000e+00 2.763660598e-05 
d 9.000000000e-01 9.000000000e-01 0.000000000e+00 0.000000000e+00 0.000000000e+00 -3.652609148e-05 1.000000000e+00 1.000000000e+00 3.652609148e-05 
d 9.500000000e-01 9.500000000e-01 0.000000000e+00 0.000000000e+00 0.000000000e+00 -4.624381676e-05 1.000000000e+00 1.000000000e+00 4.624381676e-05 
d 1.000000000e+00 1.000000000e+00 0.000000000e+00 0.000000000e+00 0.000000000e+00 -5.635150654e-05 1.000000000e+00 1.000000000e+00 5.635150654e-05 
d 1.050000000e+00 1.050000000e+00 0.000000000e+00 0.000000000e+00 0.000000000e+00 -6.753452614e-05 1.000000000e+00 1.000000000e+00 6.753452614e-05 
d 1.100000000e+00 1.100000000e+00 0.000000000e+00 0.000000000e+00 0.000000000e+00 -7.856973280e-05 1.000000000e+00 1.000000000e+00 7.856973280e-05 
d 1.150000000e+00 1.150000000e+00 0.000000000e+00 0.000000000e+00 0.000000000e+00 -9.002608870e-05 1.000000000e+00 1.000000000e+00 9.002608870e-05 
d 1.200000000e+00 1.200000000e+00 0.000000000e+00 0.000000000e+00 0.000000000e+00 -1.017150268e-04 1.000000000e+00 1.000000000e+00 1.017150268e-04 
