\BOOKMARK [0][-]{chapter.1}{\376\377\000G\000e\000t\000t\000i\000n\000g\000\040\000S\000t\000a\000r\000t\000e\000d}{}% 1
\BOOKMARK [1][-]{section.1.1}{\376\377\000G\000e\000t\000t\000i\000n\000g\000\040\000F\000o\000M\000p\000y}{chapter.1}% 2
\BOOKMARK [1][-]{section.1.2}{\376\377\000Q\000u\000i\000c\000k\000\040\000S\000t\000a\000r\000t}{chapter.1}% 3
\BOOKMARK [0][-]{chapter.2}{\376\377\000I\000m\000p\000o\000r\000t\000i\000n\000g\000\040\000y\000o\000u\000r\000\040\000d\000a\000t\000a}{}% 4
\BOOKMARK [1][-]{section.2.1}{\376\377\000F\000r\000o\000m\000\040\000a\000\040\000f\000i\000l\000e}{chapter.2}% 5
\BOOKMARK [0][-]{chapter.3}{\376\377\000E\000x\000t\000r\000a\000c\000t\000i\000n\000g\000\040\000t\000h\000e\000\040\000F\000o\000M}{}% 6
\BOOKMARK [1][-]{section.3.1}{\376\377\000T\000h\000r\000e\000s\000h\000o\000l\000d\000\040\000v\000o\000l\000t\000a\000g\000e\000\040\000\050\000V\000t\000h\000\051}{chapter.3}% 7
\BOOKMARK [1][-]{section.3.2}{\376\377\000S\000u\000b\000-\000t\000h\000r\000e\000s\000h\000o\000l\000d\000\040\000S\000l\000o\000p\000e\000\040\000\050\000S\000S\000\051}{chapter.3}% 8
\BOOKMARK [1][-]{section.3.3}{\376\377\000O\000n\000-\000O\000f\000f\000\040\000C\000u\000r\000r\000e\000n\000t\000\040\000\050\000I\000o\000n\000-\000I\000o\000f\000f\000\051}{chapter.3}% 9
\BOOKMARK [1][-]{section.3.4}{\376\377\000D\000I\000B\000L}{chapter.3}% 10
\BOOKMARK [0][-]{chapter.4}{\376\377\000P\000l\000o\000t\000t\000i\000n\000g\000\040\000f\000i\000g\000u\000r\000e\000s}{}% 11
\BOOKMARK [0][-]{chapter.5}{\376\377\000M\000o\000d\000u\000l\000e\000s}{}% 12
\BOOKMARK [1][-]{section.5.1}{\376\377\000a\000u\000x\000.\000p\000y}{chapter.5}% 13
\BOOKMARK [1][-]{section.5.2}{\376\377\000c\000o\000n\000d\000i\000t\000i\000o\000n\000i\000n\000g\000.\000p\000y}{chapter.5}% 14
\BOOKMARK [1][-]{section.5.3}{\376\377\000f\000d\000s\000.\000p\000y}{chapter.5}% 15
\BOOKMARK [1][-]{section.5.4}{\376\377\000f\000o\000m\000.\000p\000y}{chapter.5}% 16
\BOOKMARK [1][-]{section.5.5}{\376\377\000p\000l\000o\000t\000s\000.\000p\000y}{chapter.5}% 17
\BOOKMARK [1][-]{section.5.6}{\376\377\000w\000r\000a\000p\000p\000e\000r\000s\000.\000p\000y}{chapter.5}% 18
\BOOKMARK [0][-]{section*.77}{\376\377\000P\000y\000t\000h\000o\000n\000\040\000M\000o\000d\000u\000l\000e\000\040\000I\000n\000d\000e\000x}{}% 19
\BOOKMARK [0][-]{section*.78}{\376\377\000I\000n\000d\000e\000x}{}% 20
